[09:59:36] [ServerMain/INFO]: [bootstrap] Running Java 21 (OpenJDK 64-Bit Server VM 21.0.7+6-LTS; Microsoft Microsoft-11369942) on Linux 6.8.0-1027-azure (amd64)
[09:59:36] [ServerMain/INFO]: [bootstrap] Loading Purpur 1.21.1-2329-ver/1.21.1@803bf62 (2024-10-31T20:25:04Z) for Minecraft 1.21.1
[09:59:36] [ServerMain/INFO]: [PluginInitializerManager] Initializing plugins...
[09:59:38] [ServerMain/INFO]: [PluginInitializerManager] Initialized 1 plugin
[09:59:38] [ServerMain/INFO]: [PluginInitializerManager] Bukkit plugins (1):
 - FastAsyncWorldEdit (2.12.2)
[09:59:43] [ServerMain/INFO]: Environment: Environment[sessionHost=https://sessionserver.mojang.com, servicesHost=https://api.minecraftservices.com, name=PROD]
[09:59:45] [ServerMain/INFO]: Loaded 1290 recipes
[09:59:46] [ServerMain/INFO]: Loaded 1399 advancements
[09:59:46] [Server thread/INFO]: Starting minecraft server version 1.21.1
[09:59:46] [Server thread/INFO]: Loading properties
[09:59:46] [Server thread/INFO]: This server is running Purpur version 1.21.1-2329-ver/1.21.1@803bf62 (2024-10-31T20:25:04Z) (Implementing API version 1.21.1-R0.1-SNAPSHOT)
[09:59:47] [Server thread/INFO]: [spark] This server bundles the spark profiler. For more information please visit https://docs.papermc.io/paper/profiling
[09:59:47] [Server thread/INFO]: Server Ping Player Sample Count: 12
[09:59:47] [Server thread/INFO]: Using 4 threads for Netty based IO
[09:59:48] [Server thread/INFO]: [ChunkTaskScheduler] Chunk system is using 1 I/O threads, 1 worker threads, and population gen parallelism of 1 threads
[09:59:48] [Server thread/WARN]: [Pufferfish] SIMD operations are available for your server, but are not configured!
[09:59:48] [Server thread/WARN]: [Pufferfish] To enable additional optimizations, add "--add-modules=jdk.incubator.vector" to your startup flags, BEFORE the "-jar".
[09:59:48] [Server thread/WARN]: [Pufferfish] If you have already added this flag, then SIMD operations are not supported on your JVM or CPU.
[09:59:48] [Server thread/WARN]: [Pufferfish] Debug: Java: 21.0.7, test run: true
[09:59:48] [Server thread/INFO]: Default game type: SURVIVAL
[09:59:48] [Server thread/INFO]: Generating keypair
[09:59:48] [Server thread/INFO]: Starting Minecraft server on *:25565
[09:59:48] [Server thread/INFO]: Using epoll channel type
[09:59:48] [Server thread/INFO]: Paper: Using libdeflate (Linux x86_64) compression from Velocity.
[09:59:48] [Server thread/INFO]: Paper: Using OpenSSL 3.x.x (Linux x86_64) cipher from Velocity.
[09:59:49] [Server thread/INFO]: [FastAsyncWorldEdit] Loading server plugin FastAsyncWorldEdit v2.12.2
[09:59:49] [Server thread/WARN]: 
**********************************************
** You are using the Spigot-mapped FAWE jar on a modern Paper version.
** This will result in slower first-run times and wasted disk space from plugin remapping.
** Download the Paper FAWE jar from Modrinth to avoid this: https://modrinth.com/plugin/fastasyncworldedit/
**********************************************
[09:59:50] [Server thread/INFO]: Got request to register class com.sk89q.worldedit.bukkit.BukkitServerInterface with WorldEdit [com.sk89q.worldedit.extension.platform.PlatformManager@20af1ad6]
[09:59:50] [Server thread/INFO]: Server permissions file permissions.yml is empty, ignoring it
[09:59:50] [Server thread/INFO]: [FastAsyncWorldEdit] Enabling FastAsyncWorldEdit v2.12.2
[09:59:50] [Server thread/INFO]: [com.fastasyncworldedit.core.Fawe] LZ4 Compression Binding loaded successfully
[09:59:50] [Server thread/INFO]: [com.fastasyncworldedit.core.Fawe] ZSTD Compression Binding loaded successfully
[09:59:50] [Server thread/INFO]: Registering commands with com.sk89q.worldedit.bukkit.BukkitServerInterface
[09:59:51] [Server thread/INFO]: WEPIF: Using the Bukkit Permissions API.
[09:59:51] [Server thread/INFO]: Using com.sk89q.worldedit.bukkit.adapter.impl.fawe.v1_21_R1.PaperweightFaweAdapter as the Bukkit adapter
[09:59:52] [Server thread/WARN]: **** SERVER IS RUNNING IN OFFLINE/INSECURE MODE!
[09:59:52] [Server thread/WARN]: The server will make no attempt to authenticate usernames. Beware.
[09:59:52] [Server thread/WARN]: While this makes the game possible to play without internet access, it also opens up the ability for hackers to connect with any username they choose.
[09:59:52] [Server thread/WARN]: To change this, set "online-mode" to "true" in the server.properties file.
[09:59:52] [Server thread/INFO]: Preparing level "Sayama-0.3"
[09:59:52] [Server thread/INFO]: Preparing start region for dimension minecraft:overworld
[09:59:54] [Server thread/INFO]: Time elapsed: 1096 ms
[09:59:54] [Server thread/INFO]: Preparing start region for dimension minecraft:the_nether
[09:59:54] [Server thread/INFO]: Time elapsed: 350 ms
[09:59:54] [Server thread/INFO]: Preparing start region for dimension minecraft:the_end
[09:59:54] [Server thread/INFO]: Time elapsed: 316 ms
[09:59:54] [Server thread/INFO]: [spark] Starting background profiler...
[09:59:55] [Server thread/INFO]: Done preparing level "Sayama-0.3" (3.433s)
[09:59:55] [Server thread/INFO]: Running delayed init tasks
[09:59:55] [Server thread/INFO]: Done (21.340s)! For help, type "help"
[10:01:14] [User Authenticator #0/INFO]: UUID of player Nuts01p is 3cf05b3c-7f38-35c8-aa00-adb4333510a0
[10:01:17] [Server thread/INFO]: Nuts01p joined the game
[10:01:17] [Server thread/INFO]: Nuts01p[/127.97.177.65:44273] logged in with entity id 133 at ([Sayama-0.3]-523.465209871189, 70.02950060904423, 3004.3297993014744)
[10:04:36] [Server thread/INFO]: Nuts01p issued server command: //copy
[10:04:39] [Server thread/INFO]: Nuts01p issued server command: //copy
[10:04:58] [Server thread/INFO]: Nuts01p issued server command: //copy
[10:04:58] [AsyncNotifyKeyedQueue - 1/INFO]: Using com.sk89q.worldedit.bukkit.adapter.impl.fawe.v1_21_R1.PaperweightStarlightRelighterFactory as relighter factory.
[10:05:01] [Server thread/INFO]: Nuts01p issued server command: //flip up
[10:05:03] [Server thread/INFO]: Nuts01p issued server command: //paste
[10:05:13] [Server thread/INFO]: Nuts01p issued server command: //undo
[10:05:15] [Server thread/INFO]: Nuts01p issued server command: //paste
[10:05:40] [Server thread/INFO]: Nuts01p issued server command: //copy
[10:05:45] [Server thread/INFO]: Nuts01p issued server command: //flip west
[10:05:46] [Server thread/INFO]: Nuts01p issued server command: //paste
[10:06:39] [Server thread/INFO]: Nuts01p issued server command: //set sandstone
[10:06:54] [Server thread/INFO]: Nuts01p issued server command: //set smooth_sandstone
[10:10:07] [Server thread/INFO]: Nuts01p issued server command: //copy
[10:10:23] [Server thread/INFO]: Nuts01p issued server command: //flip west
[10:10:25] [Server thread/INFO]: Nuts01p issued server command: //paste
[10:10:37] [Server thread/INFO]: Nuts01p issued server command: //copy
[10:10:41] [Server thread/INFO]: Nuts01p issued server command: //flip up
[10:10:43] [Server thread/INFO]: Nuts01p issued server command: //paste
[10:10:47] [Server thread/INFO]: Nuts01p issued server command: //undo
[10:10:56] [Server thread/INFO]: Nuts01p issued server command: //paste
[10:22:08] [Server thread/INFO]: Nuts01p issued server command: //set smooth_sandstone
[10:27:07] [Server thread/INFO]: Nuts01p issued server command: //wand
[10:27:24] [Server thread/INFO]: Nuts01p issued server command: //copy
[10:27:27] [Server thread/INFO]: Nuts01p issued server command: //flip west
[10:27:29] [Server thread/INFO]: Nuts01p issued server command: //paste
[10:28:34] [Server thread/INFO]: Nuts01p issued server command: //cut
[10:28:48] [Server thread/INFO]: Nuts01p issued server command: //set 0
[10:28:56] [Server thread/INFO]: Nuts01p issued server command: //set 0
[10:30:22] [Server thread/INFO]: Nuts01p issued server command: //paste
[10:34:11] [Server thread/INFO]: Nuts01p issued server command: //set smooth_sandstone
[10:34:24] [Server thread/INFO]: Nuts01p issued server command: //set smooth_sandstone
[10:48:26] [Server thread/INFO]: Nuts01p issued server command: //wand
[10:48:56] [Server thread/INFO]: Nuts01p issued server command: //copy
[10:49:52] [Server thread/INFO]: Nuts01p issued server command: //paste
[10:49:56] [Server thread/INFO]: Nuts01p issued server command: //undo
[10:50:07] [Server thread/INFO]: Nuts01p issued server command: //paste
[10:58:37] [Server thread/INFO]: Nuts01p issued server command: //set smooth_sandstone
[11:03:15] [Server thread/INFO]: Nuts01p issued server command: //copy
[11:03:19] [Server thread/INFO]: Nuts01p issued server command: //flip west
[11:03:22] [Server thread/INFO]: Nuts01p issued server command: //paste
[11:05:20] [Server thread/INFO]: Nuts01p issued server command: //copy
[11:05:29] [Server thread/INFO]: Nuts01p issued server command: //flip south
[11:05:31] [Server thread/INFO]: Nuts01p issued server command: //paste
[11:07:43] [Server thread/INFO]: Nuts01p issued server command: //cut
[11:07:46] [Server thread/INFO]: Nuts01p issued server command: //undo
[11:07:50] [Server thread/INFO]: Nuts01p issued server command: //copy
[11:08:02] [Server thread/INFO]: Nuts01p issued server command: //paste
[11:08:56] [Server thread/INFO]: Nuts01p issued server command: //set 0
[11:10:03] [Server thread/INFO]: Nuts01p issued server command: //wand
[11:10:33] [Server thread/INFO]: Nuts01p issued server command: //copy
[11:10:38] [Server thread/INFO]: Nuts01p issued server command: //flip south
[11:10:42] [Server thread/INFO]: Nuts01p issued server command: //paste
[11:11:47] [Server thread/INFO]: Nuts01p lost connection: Disconnected
[11:11:47] [Server thread/INFO]: Nuts01p left the game
[11:26:22] [User Authenticator #1/INFO]: UUID of player Nuts01p is 3cf05b3c-7f38-35c8-aa00-adb4333510a0
[11:26:25] [Server thread/INFO]: Nuts01p joined the game
[11:26:25] [Server thread/INFO]: Nuts01p[/127.97.177.65:47235] logged in with entity id 398 at ([Sayama-0.3]-610.1398121366124, 101.11860001007622, 3025.8464519470426)
[11:30:22] [Async Chat Thread - #0/INFO]: [Not Secure] <Nuts01p> 45
[11:30:35] [Async Chat Thread - #0/INFO]: [Not Secure] <Nuts01p> 89
[11:38:20] [Server thread/INFO]: Nuts01p issued server command: //copy
[11:38:29] [Server thread/INFO]: Nuts01p issued server command: //flip south
[11:38:36] [Server thread/INFO]: Nuts01p issued server command: //paste
[11:39:37] [Server thread/INFO]: Nuts01p lost connection: Disconnected
[11:39:37] [Server thread/INFO]: Nuts01p left the game
[12:07:25] [Server thread/INFO]: Stopping the server
[12:07:25] [Server thread/INFO]: Stopping server
[12:07:25] [Server thread/INFO]: [FastAsyncWorldEdit] Disabling FastAsyncWorldEdit v2.12.2
[12:07:25] [Server thread/INFO]: Unregistering com.sk89q.worldedit.bukkit.BukkitServerInterface from WorldEdit
[12:07:25] [Server thread/INFO]: Saving players
[12:07:25] [Server thread/INFO]: Saving worlds
[12:07:25] [Server thread/INFO]: Saving chunks for level 'ServerLevel[Sayama-0.3]'/minecraft:overworld
[12:07:25] [Server thread/INFO]: [ChunkHolderManager] Waiting 60s for chunk system to halt for world 'Sayama-0.3'
[12:07:25] [Server thread/INFO]: [ChunkHolderManager] Halted chunk system for world 'Sayama-0.3'
[12:07:25] [Server thread/INFO]: [ChunkHolderManager] Saving all chunkholders for world 'Sayama-0.3'
[12:07:25] [Server thread/INFO]: [ChunkHolderManager] Saved 0 block chunks, 7 entity chunks, 0 poi chunks in world 'Sayama-0.3' in 0.01s
[12:07:25] [Server thread/INFO]: Saving chunks for level 'ServerLevel[Sayama-0.3_nether]'/minecraft:the_nether
[12:07:25] [Server thread/INFO]: [ChunkHolderManager] Waiting 60s for chunk system to halt for world 'Sayama-0.3_nether'
[12:07:25] [Server thread/INFO]: [ChunkHolderManager] Halted chunk system for world 'Sayama-0.3_nether'
[12:07:25] [Server thread/INFO]: [ChunkHolderManager] Saving all chunkholders for world 'Sayama-0.3_nether'
[12:07:25] [Server thread/INFO]: [ChunkHolderManager] Saved 0 block chunks, 1 entity chunks, 0 poi chunks in world 'Sayama-0.3_nether' in 0.00s
[12:07:25] [Server thread/INFO]: Saving chunks for level 'ServerLevel[Sayama-0.3_the_end]'/minecraft:the_end
[12:07:25] [Server thread/INFO]: [ChunkHolderManager] Waiting 60s for chunk system to halt for world 'Sayama-0.3_the_end'
[12:07:25] [Server thread/INFO]: [ChunkHolderManager] Halted chunk system for world 'Sayama-0.3_the_end'
[12:07:25] [Server thread/INFO]: [ChunkHolderManager] Saving all chunkholders for world 'Sayama-0.3_the_end'
[12:07:25] [Server thread/INFO]: [ChunkHolderManager] Saved 0 block chunks, 0 entity chunks, 0 poi chunks in world 'Sayama-0.3_the_end' in 0.00s
[12:07:25] [Server thread/INFO]: ThreadedAnvilChunkStorage (Sayama-0.3): All chunks are saved
[12:07:25] [Server thread/INFO]: ThreadedAnvilChunkStorage (DIM-1): All chunks are saved
[12:07:25] [Server thread/INFO]: ThreadedAnvilChunkStorage (DIM1): All chunks are saved
[12:07:25] [Server thread/INFO]: ThreadedAnvilChunkStorage: All dimensions are saved
